

Started GET "/" for 127.0.0.1 at 2014-08-08 11:23:13 -0400
  [1m[36mActiveRecord::SchemaMigration Load (27.8ms)[0m  [1mSELECT "schema_migrations".* FROM "schema_migrations"[0m
Processing by Rails::WelcomeController#index as HTML
  Rendered /Users/reidcovington/.rvm/gems/ruby-2.1.2/gems/railties-4.1.4/lib/rails/templates/rails/welcome/index.html.erb (2.0ms)
Completed 200 OK in 18ms (Views: 8.6ms | ActiveRecord: 0.0ms)


Started GET "/games" for 127.0.0.1 at 2014-08-08 11:23:16 -0400
Processing by GamesController#index as HTML
  Rendered games/index.html.erb within layouts/application (0.4ms)
Completed 500 Internal Server Error in 16ms

ActionView::Template::Error (/Users/reidcovington/Dropbox/code/portfolio/ShopCubeInstantWinAPI/app/assets/stylesheets/application.css has already been required):
    2: <html>
    3: <head>
    4:   <title>Instantwinapi</title>
    5:   <%= stylesheet_link_tag    'application', media: 'all', 'data-turbolinks-track' => true %>
    6:   <%= javascript_include_tag 'application', 'data-turbolinks-track' => true %>
    7:   <%= csrf_meta_tags %>
    8: </head>
  app/views/layouts/application.html.erb:5:in `_app_views_layouts_application_html_erb___2166603486603572824_70278834636120'


  Rendered /Users/reidcovington/.rvm/gems/ruby-2.1.2/gems/actionpack-4.1.4/lib/action_dispatch/middleware/templates/rescues/_trace.html.erb (1.9ms)
  Rendered /Users/reidcovington/.rvm/gems/ruby-2.1.2/gems/actionpack-4.1.4/lib/action_dispatch/middleware/templates/rescues/_request_and_response.html.erb (1.5ms)
  Rendered /Users/reidcovington/.rvm/gems/ruby-2.1.2/gems/actionpack-4.1.4/lib/action_dispatch/middleware/templates/rescues/template_error.html.erb within rescues/layout (21.4ms)


Started GET "/games" for 127.0.0.1 at 2014-08-08 11:24:03 -0400
Processing by GamesController#index as HTML
  Rendered games/index.html.erb within layouts/application (0.1ms)
Completed 500 Internal Server Error in 9ms

ActionView::Template::Error (/Users/reidcovington/Dropbox/code/portfolio/ShopCubeInstantWinAPI/app/assets/stylesheets/application.css has already been required):
    2: <html>
    3: <head>
    4:   <title>Instantwinapi</title>
    5:   <%= stylesheet_link_tag    'application', media: 'all', 'data-turbolinks-track' => true %>
    6:   <%= javascript_include_tag 'application', 'data-turbolinks-track' => true %>
    7:   <%= csrf_meta_tags %>
    8: </head>
  app/views/layouts/application.html.erb:5:in `_app_views_layouts_application_html_erb___2166603486603572824_70278834636120'


  Rendered /Users/reidcovington/.rvm/gems/ruby-2.1.2/gems/actionpack-4.1.4/lib/action_dispatch/middleware/templates/rescues/_trace.html.erb (1.2ms)
  Rendered /Users/reidcovington/.rvm/gems/ruby-2.1.2/gems/actionpack-4.1.4/lib/action_dispatch/middleware/templates/rescues/_request_and_response.html.erb (0.8ms)
  Rendered /Users/reidcovington/.rvm/gems/ruby-2.1.2/gems/actionpack-4.1.4/lib/action_dispatch/middleware/templates/rescues/template_error.html.erb within rescues/layout (15.3ms)


Started GET "/games" for 127.0.0.1 at 2014-08-08 11:25:23 -0400
Processing by GamesController#index as HTML
  Rendered games/index.html.erb within layouts/application (0.1ms)
Completed 200 OK in 813ms (Views: 812.3ms | ActiveRecord: 0.0ms)


Started GET "/stylesheets/application.css" for 127.0.0.1 at 2014-08-08 11:25:24 -0400

ActionController::RoutingError (No route matches [GET] "/stylesheets/application.css"):
  actionpack (4.1.4) lib/action_dispatch/middleware/debug_exceptions.rb:21:in `call'
  actionpack (4.1.4) lib/action_dispatch/middleware/show_exceptions.rb:30:in `call'
  railties (4.1.4) lib/rails/rack/logger.rb:38:in `call_app'
  railties (4.1.4) lib/rails/rack/logger.rb:20:in `block in call'
  activesupport (4.1.4) lib/active_support/tagged_logging.rb:68:in `block in tagged'
  activesupport (4.1.4) lib/active_support/tagged_logging.rb:26:in `tagged'
  activesupport (4.1.4) lib/active_support/tagged_logging.rb:68:in `tagged'
  railties (4.1.4) lib/rails/rack/logger.rb:20:in `call'
  actionpack (4.1.4) lib/action_dispatch/middleware/request_id.rb:21:in `call'
  rack (1.5.2) lib/rack/methodoverride.rb:21:in `call'
  rack (1.5.2) lib/rack/runtime.rb:17:in `call'
  activesupport (4.1.4) lib/active_support/cache/strategy/local_cache_middleware.rb:26:in `call'
  rack (1.5.2) lib/rack/lock.rb:17:in `call'
  actionpack (4.1.4) lib/action_dispatch/middleware/static.rb:64:in `call'
  rack (1.5.2) lib/rack/sendfile.rb:112:in `call'
  railties (4.1.4) lib/rails/engine.rb:514:in `call'
  railties (4.1.4) lib/rails/application.rb:144:in `call'
  rack (1.5.2) lib/rack/lock.rb:17:in `call'
  rack (1.5.2) lib/rack/content_length.rb:14:in `call'
  rack (1.5.2) lib/rack/handler/webrick.rb:60:in `service'
  /Users/reidcovington/.rvm/rubies/ruby-2.1.2/lib/ruby/2.1.0/webrick/httpserver.rb:138:in `service'
  /Users/reidcovington/.rvm/rubies/ruby-2.1.2/lib/ruby/2.1.0/webrick/httpserver.rb:94:in `run'
  /Users/reidcovington/.rvm/rubies/ruby-2.1.2/lib/ruby/2.1.0/webrick/server.rb:295:in `block in start_thread'


  Rendered /Users/reidcovington/.rvm/gems/ruby-2.1.2/gems/actionpack-4.1.4/lib/action_dispatch/middleware/templates/rescues/_trace.html.erb (0.9ms)
  Rendered /Users/reidcovington/.rvm/gems/ruby-2.1.2/gems/actionpack-4.1.4/lib/action_dispatch/middleware/templates/routes/_route.html.erb (1.2ms)
  Rendered /Users/reidcovington/.rvm/gems/ruby-2.1.2/gems/actionpack-4.1.4/lib/action_dispatch/middleware/templates/routes/_table.html.erb (8.3ms)
  Rendered /Users/reidcovington/.rvm/gems/ruby-2.1.2/gems/actionpack-4.1.4/lib/action_dispatch/middleware/templates/rescues/routing_error.html.erb within rescues/layout (27.8ms)


Started GET "/assets/jquery.js?body=1" for 127.0.0.1 at 2014-08-08 11:25:24 -0400


Started GET "/assets/jquery_ujs.js?body=1" for 127.0.0.1 at 2014-08-08 11:25:24 -0400


Started GET "/assets/underscore.js?body=1" for 127.0.0.1 at 2014-08-08 11:25:24 -0400


Started GET "/assets/jsskeli.js?body=1" for 127.0.0.1 at 2014-08-08 11:25:24 -0400


Started GET "/assets/turbolinks.js?body=1" for 127.0.0.1 at 2014-08-08 11:25:24 -0400


Started GET "/assets/games.js?body=1" for 127.0.0.1 at 2014-08-08 11:25:24 -0400


Started GET "/assets/initialize.js?body=1" for 127.0.0.1 at 2014-08-08 11:25:24 -0400


Started GET "/assets/application.js?body=1" for 127.0.0.1 at 2014-08-08 11:25:24 -0400


Started GET "/assets/question-mark.png" for 127.0.0.1 at 2014-08-08 11:25:24 -0400

ActionController::RoutingError (No route matches [GET] "/assets/question-mark.png"):
  actionpack (4.1.4) lib/action_dispatch/middleware/debug_exceptions.rb:21:in `call'
  actionpack (4.1.4) lib/action_dispatch/middleware/show_exceptions.rb:30:in `call'
  railties (4.1.4) lib/rails/rack/logger.rb:38:in `call_app'
  railties (4.1.4) lib/rails/rack/logger.rb:20:in `block in call'
  activesupport (4.1.4) lib/active_support/tagged_logging.rb:68:in `block in tagged'
  activesupport (4.1.4) lib/active_support/tagged_logging.rb:26:in `tagged'
  activesupport (4.1.4) lib/active_support/tagged_logging.rb:68:in `tagged'
  railties (4.1.4) lib/rails/rack/logger.rb:20:in `call'
  actionpack (4.1.4) lib/action_dispatch/middleware/request_id.rb:21:in `call'
  rack (1.5.2) lib/rack/methodoverride.rb:21:in `call'
  rack (1.5.2) lib/rack/runtime.rb:17:in `call'
  activesupport (4.1.4) lib/active_support/cache/strategy/local_cache_middleware.rb:26:in `call'
  rack (1.5.2) lib/rack/lock.rb:17:in `call'
  actionpack (4.1.4) lib/action_dispatch/middleware/static.rb:64:in `call'
  rack (1.5.2) lib/rack/sendfile.rb:112:in `call'
  railties (4.1.4) lib/rails/engine.rb:514:in `call'
  railties (4.1.4) lib/rails/application.rb:144:in `call'
  rack (1.5.2) lib/rack/lock.rb:17:in `call'
  rack (1.5.2) lib/rack/content_length.rb:14:in `call'
  rack (1.5.2) lib/rack/handler/webrick.rb:60:in `service'
  /Users/reidcovington/.rvm/rubies/ruby-2.1.2/lib/ruby/2.1.0/webrick/httpserver.rb:138:in `service'
  /Users/reidcovington/.rvm/rubies/ruby-2.1.2/lib/ruby/2.1.0/webrick/httpserver.rb:94:in `run'
  /Users/reidcovington/.rvm/rubies/ruby-2.1.2/lib/ruby/2.1.0/webrick/server.rb:295:in `block in start_thread'


  Rendered /Users/reidcovington/.rvm/gems/ruby-2.1.2/gems/actionpack-4.1.4/lib/action_dispatch/middleware/templates/rescues/_trace.html.erb (1.5ms)
  Rendered /Users/reidcovington/.rvm/gems/ruby-2.1.2/gems/actionpack-4.1.4/lib/action_dispatch/middleware/templates/routes/_route.html.erb (1.5ms)
  Rendered /Users/reidcovington/.rvm/gems/ruby-2.1.2/gems/actionpack-4.1.4/lib/action_dispatch/middleware/templates/routes/_table.html.erb (1.7ms)
  Rendered /Users/reidcovington/.rvm/gems/ruby-2.1.2/gems/actionpack-4.1.4/lib/action_dispatch/middleware/templates/rescues/routing_error.html.erb within rescues/layout (23.1ms)


Started GET "/assets/ducati.jpg" for 127.0.0.1 at 2014-08-08 11:25:24 -0400

ActionController::RoutingError (No route matches [GET] "/assets/ducati.jpg"):
  actionpack (4.1.4) lib/action_dispatch/middleware/debug_exceptions.rb:21:in `call'
  actionpack (4.1.4) lib/action_dispatch/middleware/show_exceptions.rb:30:in `call'
  railties (4.1.4) lib/rails/rack/logger.rb:38:in `call_app'
  railties (4.1.4) lib/rails/rack/logger.rb:20:in `block in call'
  activesupport (4.1.4) lib/active_support/tagged_logging.rb:68:in `block in tagged'
  activesupport (4.1.4) lib/active_support/tagged_logging.rb:26:in `tagged'
  activesupport (4.1.4) lib/active_support/tagged_logging.rb:68:in `tagged'
  railties (4.1.4) lib/rails/rack/logger.rb:20:in `call'
  actionpack (4.1.4) lib/action_dispatch/middleware/request_id.rb:21:in `call'
  rack (1.5.2) lib/rack/methodoverride.rb:21:in `call'
  rack (1.5.2) lib/rack/runtime.rb:17:in `call'
  activesupport (4.1.4) lib/active_support/cache/strategy/local_cache_middleware.rb:26:in `call'
  rack (1.5.2) lib/rack/lock.rb:17:in `call'
  actionpack (4.1.4) lib/action_dispatch/middleware/static.rb:64:in `call'
  rack (1.5.2) lib/rack/sendfile.rb:112:in `call'
  railties (4.1.4) lib/rails/engine.rb:514:in `call'
  railties (4.1.4) lib/rails/application.rb:144:in `call'
  rack (1.5.2) lib/rack/lock.rb:17:in `call'
  rack (1.5.2) lib/rack/content_length.rb:14:in `call'
  rack (1.5.2) lib/rack/handler/webrick.rb:60:in `service'
  /Users/reidcovington/.rvm/rubies/ruby-2.1.2/lib/ruby/2.1.0/webrick/httpserver.rb:138:in `service'
  /Users/reidcovington/.rvm/rubies/ruby-2.1.2/lib/ruby/2.1.0/webrick/httpserver.rb:94:in `run'
  /Users/reidcovington/.rvm/rubies/ruby-2.1.2/lib/ruby/2.1.0/webrick/server.rb:295:in `block in start_thread'


  Rendered /Users/reidcovington/.rvm/gems/ruby-2.1.2/gems/actionpack-4.1.4/lib/action_dispatch/middleware/templates/rescues/_trace.html.erb (3.4ms)
  Rendered /Users/reidcovington/.rvm/gems/ruby-2.1.2/gems/actionpack-4.1.4/lib/action_dispatch/middleware/templates/routes/_route.html.erb (1.6ms)
  Rendered /Users/reidcovington/.rvm/gems/ruby-2.1.2/gems/actionpack-4.1.4/lib/action_dispatch/middleware/templates/routes/_table.html.erb (1.0ms)
  Rendered /Users/reidcovington/.rvm/gems/ruby-2.1.2/gems/actionpack-4.1.4/lib/action_dispatch/middleware/templates/rescues/routing_error.html.erb within rescues/layout (24.1ms)


Started GET "/games" for 127.0.0.1 at 2014-08-08 11:27:19 -0400
Processing by GamesController#index as HTML
  Rendered games/index.html.erb within layouts/application (0.1ms)
Completed 500 Internal Server Error in 10ms

ActionView::Template::Error (/Users/reidcovington/Dropbox/code/portfolio/ShopCubeInstantWinAPI/app/assets/stylesheets/application.css has already been required):
    2: <html>
    3: <head>
    4:   <title>Instantwinapi</title>
    5:   <%= stylesheet_link_tag    'application', media: 'all', 'data-turbolinks-track' => true %>
    6:   <%= javascript_include_tag 'application', 'data-turbolinks-track' => true %>
    7:   <%= csrf_meta_tags %>
    8: </head>
  app/views/layouts/application.html.erb:5:in `_app_views_layouts_application_html_erb___2166603486603572824_70278834636120'


  Rendered /Users/reidcovington/.rvm/gems/ruby-2.1.2/gems/actionpack-4.1.4/lib/action_dispatch/middleware/templates/rescues/_trace.html.erb (1.1ms)
  Rendered /Users/reidcovington/.rvm/gems/ruby-2.1.2/gems/actionpack-4.1.4/lib/action_dispatch/middleware/templates/rescues/_request_and_response.html.erb (0.9ms)
  Rendered /Users/reidcovington/.rvm/gems/ruby-2.1.2/gems/actionpack-4.1.4/lib/action_dispatch/middleware/templates/rescues/template_error.html.erb within rescues/layout (9.7ms)


Started GET "/games" for 127.0.0.1 at 2014-08-08 11:27:40 -0400
Processing by GamesController#index as HTML
  Rendered games/index.html.erb within layouts/application (0.1ms)
Completed 200 OK in 41ms (Views: 40.3ms | ActiveRecord: 0.0ms)


Started GET "/assets/basscss.css?body=1" for 127.0.0.1 at 2014-08-08 11:27:40 -0400


Started GET "/assets/games.css?body=1" for 127.0.0.1 at 2014-08-08 11:27:40 -0400


Started GET "/assets/application.css?body=1" for 127.0.0.1 at 2014-08-08 11:27:40 -0400


Started GET "/assets/jquery.js?body=1" for 127.0.0.1 at 2014-08-08 11:27:40 -0400


Started GET "/assets/jquery_ujs.js?body=1" for 127.0.0.1 at 2014-08-08 11:27:40 -0400


Started GET "/assets/game.css?body=1" for 127.0.0.1 at 2014-08-08 11:27:40 -0400


Started GET "/assets/underscore.js?body=1" for 127.0.0.1 at 2014-08-08 11:27:40 -0400


Started GET "/assets/turbolinks.js?body=1" for 127.0.0.1 at 2014-08-08 11:27:40 -0400


Started GET "/assets/games.js?body=1" for 127.0.0.1 at 2014-08-08 11:27:40 -0400


Started GET "/assets/initialize.js?body=1" for 127.0.0.1 at 2014-08-08 11:27:40 -0400


Started GET "/assets/jsskeli.js?body=1" for 127.0.0.1 at 2014-08-08 11:27:40 -0400


Started GET "/assets/application.js?body=1" for 127.0.0.1 at 2014-08-08 11:27:40 -0400


Started GET "/assets/question-mark.png" for 127.0.0.1 at 2014-08-08 11:27:40 -0400

ActionController::RoutingError (No route matches [GET] "/assets/question-mark.png"):
  actionpack (4.1.4) lib/action_dispatch/middleware/debug_exceptions.rb:21:in `call'
  actionpack (4.1.4) lib/action_dispatch/middleware/show_exceptions.rb:30:in `call'
  railties (4.1.4) lib/rails/rack/logger.rb:38:in `call_app'
  railties (4.1.4) lib/rails/rack/logger.rb:20:in `block in call'
  activesupport (4.1.4) lib/active_support/tagged_logging.rb:68:in `block in tagged'
  activesupport (4.1.4) lib/active_support/tagged_logging.rb:26:in `tagged'
  activesupport (4.1.4) lib/active_support/tagged_logging.rb:68:in `tagged'
  railties (4.1.4) lib/rails/rack/logger.rb:20:in `call'
  actionpack (4.1.4) lib/action_dispatch/middleware/request_id.rb:21:in `call'
  rack (1.5.2) lib/rack/methodoverride.rb:21:in `call'
  rack (1.5.2) lib/rack/runtime.rb:17:in `call'
  activesupport (4.1.4) lib/active_support/cache/strategy/local_cache_middleware.rb:26:in `call'
  rack (1.5.2) lib/rack/lock.rb:17:in `call'
  actionpack (4.1.4) lib/action_dispatch/middleware/static.rb:64:in `call'
  rack (1.5.2) lib/rack/sendfile.rb:112:in `call'
  railties (4.1.4) lib/rails/engine.rb:514:in `call'
  railties (4.1.4) lib/rails/application.rb:144:in `call'
  rack (1.5.2) lib/rack/lock.rb:17:in `call'
  rack (1.5.2) lib/rack/content_length.rb:14:in `call'
  rack (1.5.2) lib/rack/handler/webrick.rb:60:in `service'
  /Users/reidcovington/.rvm/rubies/ruby-2.1.2/lib/ruby/2.1.0/webrick/httpserver.rb:138:in `service'
  /Users/reidcovington/.rvm/rubies/ruby-2.1.2/lib/ruby/2.1.0/webrick/httpserver.rb:94:in `run'
  /Users/reidcovington/.rvm/rubies/ruby-2.1.2/lib/ruby/2.1.0/webrick/server.rb:295:in `block in start_thread'


  Rendered /Users/reidcovington/.rvm/gems/ruby-2.1.2/gems/actionpack-4.1.4/lib/action_dispatch/middleware/templates/rescues/_trace.html.erb (2.0ms)
  Rendered /Users/reidcovington/.rvm/gems/ruby-2.1.2/gems/actionpack-4.1.4/lib/action_dispatch/middleware/templates/routes/_route.html.erb (2.0ms)
  Rendered /Users/reidcovington/.rvm/gems/ruby-2.1.2/gems/actionpack-4.1.4/lib/action_dispatch/middleware/templates/routes/_table.html.erb (1.8ms)
  Rendered /Users/reidcovington/.rvm/gems/ruby-2.1.2/gems/actionpack-4.1.4/lib/action_dispatch/middleware/templates/rescues/routing_error.html.erb within rescues/layout (29.4ms)


Started GET "/assets/ducati.jpg" for 127.0.0.1 at 2014-08-08 11:27:40 -0400

ActionController::RoutingError (No route matches [GET] "/assets/ducati.jpg"):
  actionpack (4.1.4) lib/action_dispatch/middleware/debug_exceptions.rb:21:in `call'
  actionpack (4.1.4) lib/action_dispatch/middleware/show_exceptions.rb:30:in `call'
  railties (4.1.4) lib/rails/rack/logger.rb:38:in `call_app'
  railties (4.1.4) lib/rails/rack/logger.rb:20:in `block in call'
  activesupport (4.1.4) lib/active_support/tagged_logging.rb:68:in `block in tagged'
  activesupport (4.1.4) lib/active_support/tagged_logging.rb:26:in `tagged'
  activesupport (4.1.4) lib/active_support/tagged_logging.rb:68:in `tagged'
  railties (4.1.4) lib/rails/rack/logger.rb:20:in `call'
  actionpack (4.1.4) lib/action_dispatch/middleware/request_id.rb:21:in `call'
  rack (1.5.2) lib/rack/methodoverride.rb:21:in `call'
  rack (1.5.2) lib/rack/runtime.rb:17:in `call'
  activesupport (4.1.4) lib/active_support/cache/strategy/local_cache_middleware.rb:26:in `call'
  rack (1.5.2) lib/rack/lock.rb:17:in `call'
  actionpack (4.1.4) lib/action_dispatch/middleware/static.rb:64:in `call'
  rack (1.5.2) lib/rack/sendfile.rb:112:in `call'
  railties (4.1.4) lib/rails/engine.rb:514:in `call'
  railties (4.1.4) lib/rails/application.rb:144:in `call'
  rack (1.5.2) lib/rack/lock.rb:17:in `call'
  rack (1.5.2) lib/rack/content_length.rb:14:in `call'
  rack (1.5.2) lib/rack/handler/webrick.rb:60:in `service'
  /Users/reidcovington/.rvm/rubies/ruby-2.1.2/lib/ruby/2.1.0/webrick/httpserver.rb:138:in `service'
  /Users/reidcovington/.rvm/rubies/ruby-2.1.2/lib/ruby/2.1.0/webrick/httpserver.rb:94:in `run'
  /Users/reidcovington/.rvm/rubies/ruby-2.1.2/lib/ruby/2.1.0/webrick/server.rb:295:in `block in start_thread'


  Rendered /Users/reidcovington/.rvm/gems/ruby-2.1.2/gems/actionpack-4.1.4/lib/action_dispatch/middleware/templates/rescues/_trace.html.erb (1.7ms)
  Rendered /Users/reidcovington/.rvm/gems/ruby-2.1.2/gems/actionpack-4.1.4/lib/action_dispatch/middleware/templates/routes/_route.html.erb (1.8ms)
  Rendered /Users/reidcovington/.rvm/gems/ruby-2.1.2/gems/actionpack-4.1.4/lib/action_dispatch/middleware/templates/routes/_table.html.erb (1.7ms)
  Rendered /Users/reidcovington/.rvm/gems/ruby-2.1.2/gems/actionpack-4.1.4/lib/action_dispatch/middleware/templates/rescues/routing_error.html.erb within rescues/layout (28.6ms)


Started GET "/games" for 127.0.0.1 at 2014-08-08 11:28:47 -0400
Processing by GamesController#index as HTML
  Rendered games/index.html.erb within layouts/application (0.5ms)
Completed 200 OK in 18ms (Views: 17.5ms | ActiveRecord: 0.0ms)


Started GET "/assets/basscss.css?body=1" for 127.0.0.1 at 2014-08-08 11:28:47 -0400


Started GET "/assets/games.css?body=1" for 127.0.0.1 at 2014-08-08 11:28:47 -0400


Started GET "/assets/jquery.js?body=1" for 127.0.0.1 at 2014-08-08 11:28:47 -0400


Started GET "/assets/game.css?body=1" for 127.0.0.1 at 2014-08-08 11:28:47 -0400


Started GET "/assets/underscore.js?body=1" for 127.0.0.1 at 2014-08-08 11:28:47 -0400


Started GET "/assets/application.css?body=1" for 127.0.0.1 at 2014-08-08 11:28:47 -0400


Started GET "/assets/jquery_ujs.js?body=1" for 127.0.0.1 at 2014-08-08 11:28:47 -0400


Started GET "/assets/turbolinks.js?body=1" for 127.0.0.1 at 2014-08-08 11:28:47 -0400


Started GET "/assets/games.js?body=1" for 127.0.0.1 at 2014-08-08 11:28:47 -0400


Started GET "/assets/initialize.js?body=1" for 127.0.0.1 at 2014-08-08 11:28:47 -0400


Started GET "/assets/jsskeli.js?body=1" for 127.0.0.1 at 2014-08-08 11:28:47 -0400


Started GET "/assets/application.js?body=1" for 127.0.0.1 at 2014-08-08 11:28:47 -0400


Started GET "/assets/question-mark.png" for 127.0.0.1 at 2014-08-08 11:28:47 -0400

ActionController::RoutingError (No route matches [GET] "/assets/question-mark.png"):
  actionpack (4.1.4) lib/action_dispatch/middleware/debug_exceptions.rb:21:in `call'
  actionpack (4.1.4) lib/action_dispatch/middleware/show_exceptions.rb:30:in `call'
  railties (4.1.4) lib/rails/rack/logger.rb:38:in `call_app'
  railties (4.1.4) lib/rails/rack/logger.rb:20:in `block in call'
  activesupport (4.1.4) lib/active_support/tagged_logging.rb:68:in `block in tagged'
  activesupport (4.1.4) lib/active_support/tagged_logging.rb:26:in `tagged'
  activesupport (4.1.4) lib/active_support/tagged_logging.rb:68:in `tagged'
  railties (4.1.4) lib/rails/rack/logger.rb:20:in `call'
  actionpack (4.1.4) lib/action_dispatch/middleware/request_id.rb:21:in `call'
  rack (1.5.2) lib/rack/methodoverride.rb:21:in `call'
  rack (1.5.2) lib/rack/runtime.rb:17:in `call'
  activesupport (4.1.4) lib/active_support/cache/strategy/local_cache_middleware.rb:26:in `call'
  rack (1.5.2) lib/rack/lock.rb:17:in `call'
  actionpack (4.1.4) lib/action_dispatch/middleware/static.rb:64:in `call'
  rack (1.5.2) lib/rack/sendfile.rb:112:in `call'
  railties (4.1.4) lib/rails/engine.rb:514:in `call'
  railties (4.1.4) lib/rails/application.rb:144:in `call'
  rack (1.5.2) lib/rack/lock.rb:17:in `call'
  rack (1.5.2) lib/rack/content_length.rb:14:in `call'
  rack (1.5.2) lib/rack/handler/webrick.rb:60:in `service'
  /Users/reidcovington/.rvm/rubies/ruby-2.1.2/lib/ruby/2.1.0/webrick/httpserver.rb:138:in `service'
  /Users/reidcovington/.rvm/rubies/ruby-2.1.2/lib/ruby/2.1.0/webrick/httpserver.rb:94:in `run'
  /Users/reidcovington/.rvm/rubies/ruby-2.1.2/lib/ruby/2.1.0/webrick/server.rb:295:in `block in start_thread'


  Rendered /Users/reidcovington/.rvm/gems/ruby-2.1.2/gems/actionpack-4.1.4/lib/action_dispatch/middleware/templates/rescues/_trace.html.erb (2.0ms)
  Rendered /Users/reidcovington/.rvm/gems/ruby-2.1.2/gems/actionpack-4.1.4/lib/action_dispatch/middleware/templates/routes/_route.html.erb (2.0ms)
  Rendered /Users/reidcovington/.rvm/gems/ruby-2.1.2/gems/actionpack-4.1.4/lib/action_dispatch/middleware/templates/routes/_table.html.erb (2.2ms)
  Rendered /Users/reidcovington/.rvm/gems/ruby-2.1.2/gems/actionpack-4.1.4/lib/action_dispatch/middleware/templates/rescues/routing_error.html.erb within rescues/layout (31.1ms)


Started GET "/assets/ducati.jpg" for 127.0.0.1 at 2014-08-08 11:28:47 -0400

ActionController::RoutingError (No route matches [GET] "/assets/ducati.jpg"):
  actionpack (4.1.4) lib/action_dispatch/middleware/debug_exceptions.rb:21:in `call'
  actionpack (4.1.4) lib/action_dispatch/middleware/show_exceptions.rb:30:in `call'
  railties (4.1.4) lib/rails/rack/logger.rb:38:in `call_app'
  railties (4.1.4) lib/rails/rack/logger.rb:20:in `block in call'
  activesupport (4.1.4) lib/active_support/tagged_logging.rb:68:in `block in tagged'
  activesupport (4.1.4) lib/active_support/tagged_logging.rb:26:in `tagged'
  activesupport (4.1.4) lib/active_support/tagged_logging.rb:68:in `tagged'
  railties (4.1.4) lib/rails/rack/logger.rb:20:in `call'
  actionpack (4.1.4) lib/action_dispatch/middleware/request_id.rb:21:in `call'
  rack (1.5.2) lib/rack/methodoverride.rb:21:in `call'
  rack (1.5.2) lib/rack/runtime.rb:17:in `call'
  activesupport (4.1.4) lib/active_support/cache/strategy/local_cache_middleware.rb:26:in `call'
  rack (1.5.2) lib/rack/lock.rb:17:in `call'
  actionpack (4.1.4) lib/action_dispatch/middleware/static.rb:64:in `call'
  rack (1.5.2) lib/rack/sendfile.rb:112:in `call'
  railties (4.1.4) lib/rails/engine.rb:514:in `call'
  railties (4.1.4) lib/rails/application.rb:144:in `call'
  rack (1.5.2) lib/rack/lock.rb:17:in `call'
  rack (1.5.2) lib/rack/content_length.rb:14:in `call'
  rack (1.5.2) lib/rack/handler/webrick.rb:60:in `service'
  /Users/reidcovington/.rvm/rubies/ruby-2.1.2/lib/ruby/2.1.0/webrick/httpserver.rb:138:in `service'
  /Users/reidcovington/.rvm/rubies/ruby-2.1.2/lib/ruby/2.1.0/webrick/httpserver.rb:94:in `run'
  /Users/reidcovington/.rvm/rubies/ruby-2.1.2/lib/ruby/2.1.0/webrick/server.rb:295:in `block in start_thread'


  Rendered /Users/reidcovington/.rvm/gems/ruby-2.1.2/gems/actionpack-4.1.4/lib/action_dispatch/middleware/templates/rescues/_trace.html.erb (4.2ms)
  Rendered /Users/reidcovington/.rvm/gems/ruby-2.1.2/gems/actionpack-4.1.4/lib/action_dispatch/middleware/templates/routes/_route.html.erb (5.0ms)
  Rendered /Users/reidcovington/.rvm/gems/ruby-2.1.2/gems/actionpack-4.1.4/lib/action_dispatch/middleware/templates/routes/_table.html.erb (1.5ms)
  Rendered /Users/reidcovington/.rvm/gems/ruby-2.1.2/gems/actionpack-4.1.4/lib/action_dispatch/middleware/templates/rescues/routing_error.html.erb within rescues/layout (40.3ms)


Started GET "/games" for 127.0.0.1 at 2014-08-08 11:29:20 -0400
Processing by GamesController#index as HTML
  Rendered games/index.html.erb within layouts/application (0.1ms)
Completed 200 OK in 6ms (Views: 4.9ms | ActiveRecord: 0.0ms)


Started GET "/assets/basscss.css?body=1" for 127.0.0.1 at 2014-08-08 11:29:20 -0400


Started GET "/assets/games.css?body=1" for 127.0.0.1 at 2014-08-08 11:29:20 -0400


Started GET "/assets/game.css?body=1" for 127.0.0.1 at 2014-08-08 11:29:20 -0400


Started GET "/assets/jquery_ujs.js?body=1" for 127.0.0.1 at 2014-08-08 11:29:20 -0400


Started GET "/assets/underscore.js?body=1" for 127.0.0.1 at 2014-08-08 11:29:20 -0400


Started GET "/assets/jquery.js?body=1" for 127.0.0.1 at 2014-08-08 11:29:20 -0400


Started GET "/assets/turbolinks.js?body=1" for 127.0.0.1 at 2014-08-08 11:29:20 -0400


Started GET "/assets/application.css?body=1" for 127.0.0.1 at 2014-08-08 11:29:20 -0400


Started GET "/assets/games.js?body=1" for 127.0.0.1 at 2014-08-08 11:29:20 -0400


Started GET "/assets/initialize.js?body=1" for 127.0.0.1 at 2014-08-08 11:29:20 -0400


Started GET "/assets/jsskeli.js?body=1" for 127.0.0.1 at 2014-08-08 11:29:20 -0400


Started GET "/assets/application.js?body=1" for 127.0.0.1 at 2014-08-08 11:29:20 -0400


Started GET "/assets/question-mark.png" for 127.0.0.1 at 2014-08-08 11:29:20 -0400


Started GET "/assets/ducati.jpg" for 127.0.0.1 at 2014-08-08 11:29:20 -0400
